<?xml version="1.0" encoding="UTF-8"?>
<!-- Generated by org.testng.reporters.JUnitXMLReporter -->
<testsuite hostname="user-PC" ignored="0" name="Free CRM App Test cases" tests="6" failures="1" timestamp="26 May 2018 20:09:11 GMT" time="0.109" errors="0">
  <testcase name="test1" time="0.031" classname="com.crm.qa.testcases.xyz">
    <skipped/>
  </testcase> <!-- test1 -->
  <testcase name="test1" time="0.0" classname="com.crm.qa.testcases.xyz">
    <skipped/>
  </testcase> <!-- test1 -->
  <testcase name="test1" time="0.0" classname="com.crm.qa.testcases.xyz">
    <skipped/>
  </testcase> <!-- test1 -->
  <testcase name="test1" time="0.0" classname="com.crm.qa.testcases.xyz">
    <skipped/>
  </testcase> <!-- test1 -->
  <testcase name="test1" time="0.0" classname="com.crm.qa.testcases.xyz">
    <failure type="java.lang.AssertionError" message="expected [true] but found [false]">
      <![CDATA[java.lang.AssertionError: expected [true] but found [false]
	at com.crm.qa.testcases.xyz.test1(xyz.java:10)
... Removed 31 stack frames]]>
    </failure>
  </testcase> <!-- test1 -->
  <testcase name="test2" time="0.0" classname="com.crm.qa.testcases.xyz"/>
</testsuite> <!-- Free CRM App Test cases -->
